<?xml version="1.0" encoding="UTF-8"?>
<!-- Generated by org.testng.reporters.JUnitReportReporter -->
<testsuite hostname="PBS-HYD-SYS-17" failures="0" tests="8" name="com.qa.indiahr.tests.LoginPageTest" time="1.680" errors="0" timestamp="2024-02-29T20:22:04 IST" skipped="0">
  <testcase classname="com.qa.indiahr.tests.LoginPageTest" name="loginPageTitleTest" time="0.028"/>
  <testcase classname="com.qa.indiahr.tests.LoginPageTest" name="loginPageUrlTest" time="0.014"/>
  <testcase classname="com.qa.indiahr.tests.LoginPageTest" name="isLogoExist" time="0.573"/>
  <testcase classname="com.qa.indiahr.tests.LoginPageTest" name="forgotPwdLinkExistsTest" time="0.026"/>
  <testcase classname="com.qa.indiahr.tests.LoginPageTest" name="privacyPolicyTest" time="0.020"/>
  <testcase classname="com.qa.indiahr.tests.LoginPageTest" name="loginOtpTest" time="0.020"/>
  <testcase classname="com.qa.indiahr.tests.LoginPageTest" name="CheckboxSelected" time="0.168"/>
  <testcase classname="com.qa.indiahr.tests.LoginPageTest" name="doLoginTest" time="0.831"/>
</testsuite> <!-- com.qa.indiahr.tests.LoginPageTest -->
