<?xml version="1.0" encoding="UTF-8"?>
<!-- Generated by org.testng.reporters.JUnitReportReporter -->
<testsuite hostname="PBS-HYD-SYS-015" failures="0" tests="1" name="com.qa.indiahr.tests.DashbaordPageTest" time="1.631" errors="0" timestamp="2023-09-01T19:00:14 IST" skipped="0">
  <testcase classname="com.qa.indiahr.tests.DashbaordPageTest" name="isLogoutlinkexist" time="1.631"/>
</testsuite> <!-- com.qa.indiahr.tests.DashbaordPageTest -->
